<?xml version="1.0" encoding="UTF-8"?>
<testng-results ignored="0" total="1" passed="1" failed="0" skipped="0">
  <reporter-output>
  </reporter-output>
  <suite started-at="2025-07-04T18:15:35 IST" name="Default suite" finished-at="2025-07-04T18:15:54 IST" duration-ms="19162">
    <groups>
      <group name="cucumber">
        <method signature="AbstractTestNGCucumberTests.runScenario(io.cucumber.testng.PickleWrapper,io.cucumber.testng.FeatureWrapper)[pri:0, instance:com.TestRunner.runner@3f1d2e23]" name="runScenario" class="io.cucumber.testng.AbstractTestNGCucumberTests"/>
      </group> <!-- cucumber -->
    </groups>
    <test started-at="2025-07-04T18:15:35 IST" name="Default test" finished-at="2025-07-04T18:15:54 IST" duration-ms="19162">
      <class name="com.TestRunner.runner">
        <test-method is-config="true" signature="setUpClass(org.testng.ITestContext)[pri:0, instance:com.TestRunner.runner@3f1d2e23]" started-at="2025-07-04T18:15:35 IST" name="setUpClass" finished-at="2025-07-04T18:15:43 IST" duration-ms="7286" status="PASS">
          <params>
            <param index="0">
              <value>
                <![CDATA[org.testng.TestRunner@1702830d]]>
              </value>
            </param>
          </params>
          <reporter-output>
          </reporter-output>
        </test-method> <!-- setUpClass -->
        <test-method signature="runScenario(io.cucumber.testng.PickleWrapper,io.cucumber.testng.FeatureWrapper)[pri:0, instance:com.TestRunner.runner@3f1d2e23]" started-at="2025-07-04T18:15:43 IST" name="runScenario" description="Runs Cucumber Scenarios" data-provider="scenarios" finished-at="2025-07-04T18:15:54 IST" duration-ms="11482" status="PASS">
          <params>
            <param index="0">
              <value>
                <![CDATA["Search with non-existing item"]]>
              </value>
            </param>
            <param index="1">
              <value>
                <![CDATA["To validate the Flipkart Application"]]>
              </value>
            </param>
          </params>
          <reporter-output>
          </reporter-output>
        </test-method> <!-- runScenario -->
        <test-method is-config="true" signature="tearDownClass()[pri:0, instance:com.TestRunner.runner@3f1d2e23]" started-at="2025-07-04T18:15:54 IST" name="tearDownClass" finished-at="2025-07-04T18:15:54 IST" duration-ms="323" status="PASS">
          <reporter-output>
          </reporter-output>
        </test-method> <!-- tearDownClass -->
      </class> <!-- com.TestRunner.runner -->
    </test> <!-- Default test -->
  </suite> <!-- Default suite -->
</testng-results>
